C51 COMPILER V8.05a   SAU_BO_THAO_VIET                                                     05/10/2008 15:29:43 PAGE 1   


C51 COMPILER V8.05a, COMPILATION OF MODULE SAU_BO_THAO_VIET
OBJECT MODULE PLACED IN sau bo Thao viet.OBJ
COMPILER INVOKED BY: C:\Keil\C51\BIN\C51.EXE sau bo Thao viet.c BROWSE DEBUG OBJECTEXTEND

line level    source

   1          #include <AT89X51.H>
   2          void delay(int time) 
   3          { 
   4   1       unsigned int n; 
   5   1        for(n=0;n<time;n++); 
   6   1      } 
   7          void main(void) 
   8          {unsigned char a,b;
   9   1      
  10   1      for(b=0x03;1;b=b*2)
  11   1      {
  12   2      P1=b;
  13   2      delay(10000);}
  14   1      for(a=0xc0;a<=0xc0;a=a/2)
  15   1      {P1=a;
  16   2      delay(10000);
  17   2      if(a==0x03) break;
  18   2      }
  19   1      
  20   1       }


MODULE INFORMATION:   STATIC OVERLAYABLE
   CODE SIZE        =     35    ----
   CONSTANT SIZE    =   ----    ----
   XDATA SIZE       =   ----    ----
   PDATA SIZE       =   ----    ----
   DATA SIZE        =   ----       1
   IDATA SIZE       =   ----    ----
   BIT SIZE         =   ----    ----
END OF MODULE INFORMATION.


C51 COMPILATION COMPLETE.  0 WARNING(S),  0 ERROR(S)
