CCS PCM C Compiler, Version 4.068, 53086               26-th6-08 11:39

               Filename: G:\Lap trinh C\CCS\Lap trinh nang cao\ADC_temp.lst

               ROM used: 1217 words (15%)
                         Largest free fragment is 2048
               RAM used: 30 (8%) at main() level
                         57 (15%) worst case
               Stack:    4 worst case (3 in main + 1 for interrupts)

*
0000:  MOVLW  00
0001:  MOVWF  0A
0002:  GOTO   3C5
0003:  NOP
0004:  MOVWF  7F
0005:  SWAPF  03,W
0006:  CLRF   03
0007:  MOVWF  21
0008:  MOVF   0A,W
0009:  MOVWF  20
000A:  CLRF   0A
000B:  MOVF   04,W
000C:  MOVWF  22
000D:  MOVF   77,W
000E:  MOVWF  23
000F:  MOVF   78,W
0010:  MOVWF  24
0011:  MOVF   79,W
0012:  MOVWF  25
0013:  MOVF   7A,W
0014:  MOVWF  26
0015:  MOVF   7B,W
0016:  MOVWF  27
0017:  BCF    03.7
0018:  BCF    03.5
0019:  BTFSS  0B.5
001A:  GOTO   01D
001B:  BTFSC  0B.2
001C:  GOTO   030
001D:  MOVF   22,W
001E:  MOVWF  04
001F:  MOVF   23,W
0020:  MOVWF  77
0021:  MOVF   24,W
0022:  MOVWF  78
0023:  MOVF   25,W
0024:  MOVWF  79
0025:  MOVF   26,W
0026:  MOVWF  7A
0027:  MOVF   27,W
0028:  MOVWF  7B
0029:  MOVF   20,W
002A:  MOVWF  0A
002B:  SWAPF  21,W
002C:  MOVWF  03
002D:  SWAPF  7F,F
002E:  SWAPF  7F,W
002F:  RETFIE
0030:  BCF    0A.3
0031:  BCF    0A.4
0032:  GOTO   086
.................... /***************************************************************************** 
.................... **           ----Chuong trinh hien thi nhiet do bang sensor LM35----        ** 
.................... **           xay dung:16/06/2008                                            ** 
.................... **           Thong so:                                                      ** 
.................... **           +dai nhiet do hoat dong 0-99°C                                 ** 
.................... **           +sai so so voi nhiet do thuc:0.3%                              ** 
.................... **           +xac suat sai so:33% so lan nhiet do thay doi                  ** 
.................... **           +hien thi nhiet do ra LCD va led 7 doan-                       ** 
.................... **           Lap trinh:Slowlove                                             ** 
.................... **           YM:love_classicalguitar||slow_in_love                          ** 
.................... **           E-Mail:Guitar.mp3@gmail.com                                    ** 
.................... *****************************************************************************/ 
.................... #include <16F877A.h> 
.................... //////// Standard Header file for the PIC16F877A device //////////////// 
.................... #device PIC16F877A 
.................... #list 
....................  
.................... #device *=16 adc=10 
.................... #include <lcd8b_lib.c> 
.................... /*********Thu vien cac ham dung cho LCD cua Slowlove**********/ 
.................... /* xay dung:04/06/2008*/ 
.................... /*Luu y:truoc khi dung thu vien nay phai dong bo cac bien va cac gia tri khai bao trong chuong trinh*/ 
.................... /*===========================================================================================*/ 
.................... #use delay(clock=20000000)   //khai bao tan so thach anh su dung trong chuong trinh 
*
00B5:  MOVLW  39
00B6:  MOVWF  04
00B7:  BCF    03.7
00B8:  MOVF   00,W
00B9:  BTFSC  03.2
00BA:  GOTO   0C8
00BB:  MOVLW  06
00BC:  MOVWF  78
00BD:  CLRF   77
00BE:  DECFSZ 77,F
00BF:  GOTO   0BE
00C0:  DECFSZ 78,F
00C1:  GOTO   0BD
00C2:  MOVLW  7B
00C3:  MOVWF  77
00C4:  DECFSZ 77,F
00C5:  GOTO   0C4
00C6:  DECFSZ 00,F
00C7:  GOTO   0BB
.................... /******Dinh nghia cac chan su dung trong chuomg trinh******/ 
.................... #bit E   = 0x09.0 //chan e0 
.................... #bit RW  = 0x09.1 //chan e1 
.................... #bit RS  = 0x09.2 //chan e2 
.................... #bit BF  = 0x08.7 //chan d7 
.................... #byte data = 0x08 //port D 
.................... /*============================================================================================*/ 
.................... /*******cac trang thai tin hieu dieu khien*********/ 
.................... void command(void) 
.................... { 
.................... /*chon thanh ghi va chon che do read/write*/ 
.................... E=1; 
*
00AA:  BSF    09.0
.................... RS=0; //chon thanh ghi:RS=0:chon IR;RS=1:chon thanh ghi DR 
00AB:  BCF    09.2
.................... RW=0; //chon che do:RW=0:chon che do ghi;RW=1:chon che do doc 
00AC:  BCF    09.1
.................... E=0; //1 xung E 1=>0 dung de kich hoat lenh 
00AD:  BCF    09.0
.................... delay_us(50);   //doi 50us de thuc hien xong lenh 
00AE:  MOVLW  53
00AF:  MOVWF  77
00B0:  DECFSZ 77,F
00B1:  GOTO   0B0
.................... } 
00B2:  RETLW  00
.................... void display(void) 
.................... { 
.................... E=1; 
*
00F5:  BSF    09.0
.................... RS=1; 
00F6:  BSF    09.2
.................... RW=0; 
00F7:  BCF    09.1
.................... E=0; //1 xung E 1=>0 
00F8:  BCF    09.0
.................... delay_us(50);   //doi 50us de thuc hien xong lenh 
00F9:  MOVLW  53
00FA:  MOVWF  77
00FB:  DECFSZ 77,F
00FC:  GOTO   0FB
.................... } 
00FD:  RETLW  00
.................... /********khoi tao,khai bao cac thong so hoat dong cho LCD**********/ 
.................... void khoitao(int1 giao_thuc,int1 so_dong,int1 do_phan_giai) 
.................... { 
.................... /*giao_thuc =1 hoac 0:che do 8 hoac 4 bit; 
....................   so_dong =1 hoac 0:che do hien thi 2 hoac 1 dong 
....................   do_phangiai =1 hoac 0:hien thi 5x10 hoac 5x8 diem anh 
.................... Chu y:trong che do hient hi 2 hang thi khong the hien thi che do 5x10 diem anh*/ 
.................... delay_ms(40);   //doi 40ms de cho LCD dat toi 4.5V 
*
00B3:  MOVLW  28
00B4:  MOVWF  39
.................... data=0x20+(giao_thuc<<4)+(so_dong<<3)+(do_phan_giai<<2);   //data phai duoc dinh nghia truoc trong chuong trinh chinh 
*
00C8:  SWAPF  36,W
00C9:  MOVWF  77
00CA:  MOVLW  F0
00CB:  ANDWF  77,F
00CC:  MOVF   77,W
00CD:  ADDLW  20
00CE:  MOVWF  39
00CF:  RLF    37,W
00D0:  MOVWF  77
00D1:  RLF    77,F
00D2:  RLF    77,F
00D3:  MOVLW  F8
00D4:  ANDWF  77,F
00D5:  MOVF   77,W
00D6:  ADDWF  39,W
00D7:  MOVWF  3A
00D8:  RLF    38,W
00D9:  MOVWF  77
00DA:  RLF    77,F
00DB:  MOVLW  FC
00DC:  ANDWF  77,F
00DD:  MOVF   77,W
00DE:  ADDWF  3A,W
00DF:  MOVWF  08
.................... command(); 
00E0:  CALL   0AA
.................... } 
00E1:  BCF    0A.3
00E2:  BCF    0A.4
00E3:  GOTO   404 (RETURN)
.................... /*****Xoa man hinh tro ve dau dong*****/ 
.................... void clear(void) 
.................... { 
.................... data=0x01; 
*
03C1:  MOVLW  01
03C2:  MOVWF  08
.................... command(); 
03C3:  CALL   0AA
.................... } 
03C4:  RETLW  00
.................... /******di chuyen con tro ve dau dong*******/ 
.................... void return_home(void) 
.................... { 
.................... data=0x02; 
.................... command(); 
.................... } 
.................... /*******Hien thi con tro********/ 
.................... void cursor(int1 manhinh,int1 contro,int1 kieu_contro) 
.................... { 
.................... /*manhinh = 1 hoac bang 0:hien thi man hinh hoac khong hien thi man hinh 
....................   contro  = 1 hoac bang 0:hien thi con tro hoac khong hien thi con tro 
....................   kieu_contro =1 hoac bang 0:2 che do hien thi con tro*/ 
.................... data=0x08+(manhinh<<2)+(contro<<1)+(kieu_contro); 
*
00E4:  RLF    36,W
00E5:  MOVWF  77
00E6:  RLF    77,F
00E7:  MOVLW  FC
00E8:  ANDWF  77,F
00E9:  MOVF   77,W
00EA:  ADDLW  08
00EB:  MOVWF  39
00EC:  BCF    03.0
00ED:  RLF    37,W
00EE:  ADDWF  39,W
00EF:  ADDWF  38,W
00F0:  MOVWF  08
.................... command(); 
00F1:  CALL   0AA
.................... } 
00F2:  BCF    0A.3
00F3:  BCF    0A.4
00F4:  GOTO   409 (RETURN)
.................... /******Dua con tro toi 1 toa do cho truoc*******/ 
.................... void moveto(unsigned char dong,unsigned char vitri) 
.................... { 
.................... /*nguoi dung se nhap toa do cua vi tri can hien thi tren LCD,cu the la dong 1 
.................... hay dong 2,vi tri cua con tro can hien thi 1 to 16*/ 
.................... if(dong==1)data=0x80+(vitri-1);  //dong 1 co dia chi bat dau tu 0x80 
*
00FE:  DECFSZ 36,W
00FF:  GOTO   105
0100:  MOVLW  01
0101:  SUBWF  37,W
0102:  ADDLW  80
0103:  MOVWF  08
.................... else data=0xC0+(vitri-1);        //dog 2 co dia chi bat dau tu 0x0C 
0104:  GOTO   109
0105:  MOVLW  01
0106:  SUBWF  37,W
0107:  ADDLW  C0
0108:  MOVWF  08
.................... command(); 
0109:  CALL   0AA
.................... } 
010A:  RETLW  00
.................... /********Di chuyen con tro va ki tu********/ 
.................... void motion(int1 contents,int1 trend) 
.................... { 
.................... /* contents = 0 hoac 1:chon con tro hoac ca con tro & van ban 
....................    trend = 0 hoac 1: chon huong sang trai hoac sang phai voi con tro,van ban theo 
....................    chieu nguoc lai 0 hoac 1 sang phai hoac sang trai 
....................    Chu y: neu o che do hien thi 2 hang thi khi het dong dong dau tien thi se 
....................    tu dong chuyen xuong duong thu 2,du lieu hang dau va hang 2 cung dich 1 luc*/  
.................... data=0x10+(contents<<=3)+(trend<<=2); 
.................... command(); 
.................... } 
.................... /******thiet lap thong so hien thi******/ 
.................... void modeset(int1 trend,int1 mode) 
.................... { 
.................... /* trend = 0 hoac 1 :dich sang phai hoac trai 
....................    mode  = 0 hoac 1 :khong dich hoac dich hien thi*/ 
.................... data=0x04+(trend<<1)+mode; 
.................... command(); 
.................... } 
.................... /****set dia chi cua CGRAM****/ 
.................... void add_CGRAM(unsigned int8 add){ 
.................... data=0x40+add; 
.................... command(); 
.................... } 
.................... /****ghi data va CGRAM****/ 
.................... void data_to_CGRAM(unsigned int8 dulieu){ 
.................... data=dulieu;	//du lieu la cac gia tri hien thi ki tu do hoa 
.................... display(); 
.................... } 
.................... /*===========================The End==============================*/ 
....................  
.................... #fuses NOWDT,HS,NOPUT,NOPROTECT,NODEBUG,NOBROWNOUT,NOLVP,NOCPD,NOWRT      //khai bao cac thiet dat cho PIC 
.................... #use delay(clock=20M)  //khai bao su dung thach anh 20MHz de su dung ham delay cua chuong trinh 
.................... /**************Ket thuc khai bao*****************/ 
.................... #bit E   = 0x09.0 //chan e0 
.................... #bit RW  = 0x09.1 //chan e1 
.................... #bit RS  = 0x09.2 //chan e2 
.................... #bit BF  = 0x08.7 //chan d7 
.................... #byte data = 0x08 //port D 
.................... /**********/ 
.................... #bit led1 =0x05.3  //chan a3 
.................... #bit led2 =0x05.4  //chan a4 
.................... #bit led3 =0x05.5  //chan a5 
.................... /*******Cac hang va bien su ducng trong chuong trinh**********/ 
.................... const unsigned char str[]={"Nhiet do:"}; 
.................... const unsigned char str1[]={"QUA MUC CHO PHEP"}; 
.................... const unsigned char str2[]={"Sensor [-LM35-]"}; 
.................... const unsigned char ma_so_nguyen[10]={0xc0,0xf9,0xa4,0xb0,0x99,0x92,0x82,0xf8,0x80,0x90};  //khong dau cham 
.................... const unsigned char ma_so_thuc[10]={0x40,0x79,0x24,0x30,0x19,0x12,0x02,0x78,0x00,0x10};  //co dau cham 
.................... unsigned int8 ma_hangchuc,ma_hangdonvi,ma_thapphan; 
.................... unsigned int8 hangchuc,hangdonvi,thapphan; 
.................... unsigned int8 a;  //bien dem so ki tu trong chuoi ki tu 
.................... unsigned int16 x; 
.................... float nhietdo; 
.................... /*****Chuong trinh doi gia tri ADC tra ve ra °C*******/ 
.................... float temp(float value){ 
.................... float t; 
.................... t=(value/1023)*500;  //doi ra °C su dung ADC 10 bit,Vref=5V,ung voi thay doi 10mV/1°C 
*
02D7:  MOVF   3D,W
02D8:  MOVWF  47
02D9:  MOVF   3C,W
02DA:  MOVWF  46
02DB:  MOVF   3B,W
02DC:  MOVWF  45
02DD:  MOVF   3A,W
02DE:  MOVWF  44
02DF:  CLRF   4B
02E0:  MOVLW  C0
02E1:  MOVWF  4A
02E2:  MOVLW  7F
02E3:  MOVWF  49
02E4:  MOVLW  88
02E5:  MOVWF  48
02E6:  CALL   15B
02E7:  MOVF   77,W
02E8:  MOVWF  42
02E9:  MOVF   78,W
02EA:  MOVWF  43
02EB:  MOVF   79,W
02EC:  MOVWF  44
02ED:  MOVF   7A,W
02EE:  MOVWF  45
02EF:  MOVWF  49
02F0:  MOVF   79,W
02F1:  MOVWF  48
02F2:  MOVF   78,W
02F3:  MOVWF  47
02F4:  MOVF   77,W
02F5:  MOVWF  46
02F6:  CLRF   4D
02F7:  CLRF   4C
02F8:  MOVLW  7A
02F9:  MOVWF  4B
02FA:  MOVLW  87
02FB:  MOVWF  4A
02FC:  CALL   225
02FD:  MOVF   7A,W
02FE:  MOVWF  41
02FF:  MOVF   79,W
0300:  MOVWF  40
0301:  MOVF   78,W
0302:  MOVWF  3F
0303:  MOVF   77,W
0304:  MOVWF  3E
.................... t=((unsigned int16)(t*10))/10.0;   //chinh xac toi 1 chu so sau dau phay,SD 10.0 kieu float de tu chuyen doi kieu phep tinh 
0305:  MOVF   41,W
0306:  MOVWF  49
0307:  MOVF   40,W
0308:  MOVWF  48
0309:  MOVF   3F,W
030A:  MOVWF  47
030B:  MOVF   3E,W
030C:  MOVWF  46
030D:  CLRF   4D
030E:  CLRF   4C
030F:  MOVLW  20
0310:  MOVWF  4B
0311:  MOVLW  82
0312:  MOVWF  4A
0313:  CALL   225
0314:  MOVF   7A,W
0315:  MOVWF  45
0316:  MOVF   79,W
0317:  MOVWF  44
0318:  MOVF   78,W
0319:  MOVWF  43
031A:  MOVF   77,W
031B:  MOVWF  42
031C:  CALL   29A
031D:  MOVF   79,W
031E:  MOVWF  43
031F:  MOVF   78,W
0320:  MOVWF  42
0321:  MOVF   79,W
0322:  MOVWF  45
0323:  MOVF   78,W
0324:  MOVWF  44
0325:  CALL   13E
0326:  MOVF   7A,W
0327:  MOVWF  47
0328:  MOVF   79,W
0329:  MOVWF  46
032A:  MOVF   78,W
032B:  MOVWF  45
032C:  MOVF   77,W
032D:  MOVWF  44
032E:  CLRF   4B
032F:  CLRF   4A
0330:  MOVLW  20
0331:  MOVWF  49
0332:  MOVLW  82
0333:  MOVWF  48
0334:  CALL   15B
0335:  MOVF   7A,W
0336:  MOVWF  41
0337:  MOVF   79,W
0338:  MOVWF  40
0339:  MOVF   78,W
033A:  MOVWF  3F
033B:  MOVF   77,W
033C:  MOVWF  3E
.................... return t; 
033D:  MOVF   3E,W
033E:  MOVWF  77
033F:  MOVF   3F,W
0340:  MOVWF  78
0341:  MOVF   40,W
0342:  MOVWF  79
0343:  MOVF   41,W
0344:  MOVWF  7A
.................... } 
.................... /*****chuong trinh doi so float ra ma led 7 doan****/ 
.................... void toled7seg(float value){ 
.................... ma_hangchuc=ma_so_nguyen[hangchuc]; 
*
0373:  MOVF   2B,W
0374:  CALL   06A
0375:  MOVWF  78
0376:  MOVWF  28
.................... ma_hangdonvi=ma_so_thuc[hangdonvi]; 
0377:  MOVF   2C,W
0378:  CALL   078
0379:  MOVWF  78
037A:  MOVWF  29
.................... ma_thapphan=ma_so_nguyen[thapphan]; 
037B:  MOVF   2D,W
037C:  CALL   06A
037D:  MOVWF  78
037E:  MOVWF  2A
.................... } 
037F:  BCF    0A.3
0380:  BCF    0A.4
0381:  GOTO   45A (RETURN)
.................... /*-----hien thi thong tin chuan bi tren LCD---------*/ 
.................... void hien_thi_ban_dau(void){ 
.................... for(a=0;str[a]!='\0';a++){data=str[a];display();} 
*
010B:  CLRF   2E
010C:  MOVF   2E,W
010D:  CALL   033
010E:  XORLW  00
010F:  BTFSC  03.2
0110:  GOTO   118
0111:  MOVF   2E,W
0112:  CALL   033
0113:  MOVWF  78
0114:  MOVWF  08
0115:  CALL   0F5
0116:  INCF   2E,F
0117:  GOTO   10C
.................... moveto(1,12);data='.';display(); 
0118:  MOVLW  01
0119:  MOVWF  36
011A:  MOVLW  0C
011B:  MOVWF  37
011C:  CALL   0FE
011D:  MOVLW  2E
011E:  MOVWF  08
011F:  CALL   0F5
.................... moveto(1,14);data=0xdf;display();data='C';display(); 
0120:  MOVLW  01
0121:  MOVWF  36
0122:  MOVLW  0E
0123:  MOVWF  37
0124:  CALL   0FE
0125:  MOVLW  DF
0126:  MOVWF  08
0127:  CALL   0F5
0128:  MOVLW  43
0129:  MOVWF  08
012A:  CALL   0F5
.................... moveto(2,1); 
012B:  MOVLW  02
012C:  MOVWF  36
012D:  MOVLW  01
012E:  MOVWF  37
012F:  CALL   0FE
.................... for(a=0;str2[a]!='\0';a++){data=str2[a];display();} 
0130:  CLRF   2E
0131:  MOVF   2E,W
0132:  CALL   056
0133:  XORLW  00
0134:  BTFSC  03.2
0135:  GOTO   13D
0136:  MOVF   2E,W
0137:  CALL   056
0138:  MOVWF  78
0139:  MOVWF  08
013A:  CALL   0F5
013B:  INCF   2E,F
013C:  GOTO   131
.................... } 
013D:  RETLW  00
.................... /*------Doc gia tri ADC va chuyen doi thanh nhiet do------*/ 
.................... void readADC(void){ 
.................... read_adc(adc_start_only);  //bat dau qua trinh ADC 
*
02B9:  BSF    1F.2
.................... while(!adc_done());  //doi cho den khi qua trinh chuyen doi ADC hoan tat 
02BA:  BTFSC  1F.2
02BB:  GOTO   2BA
.................... nhietdo=temp(read_adc(adc_read_only));  //doc gia tri nhiet do tu sensor 
02BC:  BTFSC  1F.2
02BD:  GOTO   2BC
02BE:  MOVF   1E,W
02BF:  MOVWF  7A
02C0:  BSF    03.5
02C1:  MOVF   1E,W
02C2:  BCF    03.5
02C3:  MOVWF  44
02C4:  MOVF   7A,W
02C5:  MOVWF  45
02C6:  CALL   13E
02C7:  MOVF   77,W
02C8:  MOVWF  36
02C9:  MOVF   78,W
02CA:  MOVWF  37
02CB:  MOVF   79,W
02CC:  MOVWF  38
02CD:  MOVF   7A,W
02CE:  MOVWF  39
02CF:  MOVF   39,W
02D0:  MOVWF  3D
02D1:  MOVF   38,W
02D2:  MOVWF  3C
02D3:  MOVF   37,W
02D4:  MOVWF  3B
02D5:  MOVF   36,W
02D6:  MOVWF  3A
*
0345:  MOVF   7A,W
0346:  MOVWF  34
0347:  MOVF   79,W
0348:  MOVWF  33
0349:  MOVF   78,W
034A:  MOVWF  32
034B:  MOVF   77,W
034C:  MOVWF  31
.................... } 
034D:  RETLW  00
.................... /*****Chuong trinh ngat Timer0 phuc vu viec quet Led*********/ 
.................... #int_timer0 
.................... void quetled(void){ 
.................... set_timer0(140);  //sau 6ms voi bo chia timer0 cho 256 
*
0086:  MOVLW  8C
0087:  MOVWF  01
.................... led1=led2=0;led3=1; 
0088:  BCF    05.4
0089:  BCF    05.3
008A:  BSF    05.5
.................... output_c(ma_thapphan); 
008B:  MOVLW  00
008C:  MOVWF  35
008D:  BSF    03.5
008E:  CLRF   07
008F:  BCF    03.5
0090:  MOVF   2A,W
0091:  MOVWF  07
.................... led1=led3=0;led2=1; 
0092:  BCF    05.5
0093:  BCF    05.3
0094:  BSF    05.4
.................... output_c(ma_hangdonvi); 
0095:  MOVLW  00
0096:  MOVWF  35
0097:  BSF    03.5
0098:  CLRF   07
0099:  BCF    03.5
009A:  MOVF   29,W
009B:  MOVWF  07
.................... led1=1;led2=led3=0; 
009C:  BSF    05.3
009D:  BCF    05.5
009E:  BCF    05.4
.................... output_c(ma_hangchuc); 
009F:  MOVLW  00
00A0:  MOVWF  35
00A1:  BSF    03.5
00A2:  CLRF   07
00A3:  BCF    03.5
00A4:  MOVF   28,W
00A5:  MOVWF  07
.................... } 
.................... /*******Chuong trinh chinh*********/ 
00A6:  BCF    0B.2
00A7:  BCF    0A.3
00A8:  BCF    0A.4
00A9:  GOTO   01D
.................... void main(void){ 
*
03C5:  CLRF   04
03C6:  BCF    03.7
03C7:  MOVLW  1F
03C8:  ANDWF  03,F
03C9:  BSF    03.5
03CA:  BSF    1F.0
03CB:  BSF    1F.1
03CC:  BSF    1F.2
03CD:  BCF    1F.3
03CE:  MOVLW  07
03CF:  MOVWF  1C
.................... /******thiet lap ngat*******/ 
.................... enable_interrupts(int_timer0);   //cho phep ngat timer 0 hoat dong 
*
03D3:  BSF    0B.5
.................... setup_timer_0(rtcc_internal|rtcc_div_256);  //thiet dat cac thong so cho timer 0 
03D4:  BSF    03.5
03D5:  MOVF   01,W
03D6:  ANDLW  C0
03D7:  IORLW  07
03D8:  MOVWF  01
.................... enable_interrupts(global); //cho phep ngat toan cuc hoat dong 
03D9:  MOVLW  C0
03DA:  BCF    03.5
03DB:  IORWF  0B,F
.................... /******thiet lap cac che do ADC******/ 
.................... setup_adc(adc_clock_internal); 
03DC:  BSF    03.5
03DD:  BCF    1F.6
03DE:  BCF    03.5
03DF:  BSF    1F.6
03E0:  BSF    1F.7
03E1:  BSF    03.5
03E2:  BSF    1F.7
03E3:  BCF    03.5
03E4:  BSF    1F.0
.................... setup_adc_ports(an0); 
03E5:  BSF    03.5
03E6:  BCF    1F.0
03E7:  BSF    1F.1
03E8:  BSF    1F.2
03E9:  BSF    1F.3
.................... set_adc_channel(0); 
03EA:  MOVLW  00
03EB:  MOVWF  78
03EC:  BCF    03.5
03ED:  MOVF   1F,W
03EE:  ANDLW  C7
03EF:  IORWF  78,W
03F0:  MOVWF  1F
.................... delay_us(10);  //delay 10us sau moi lan chon kenh doc gia tri ADC de ket qua adc chinh xac hon 
03F1:  MOVLW  10
03F2:  MOVWF  77
03F3:  DECFSZ 77,F
03F4:  GOTO   3F3
03F5:  NOP
.................... /******thiet lap in/out cho cac port*********/ 
.................... set_tris_a(0x07); //chan a0-a3 la ngo vao,con lai la ngo ra dung de quet led 
03F6:  MOVLW  07
03F7:  BSF    03.5
03F8:  MOVWF  05
.................... set_tris_d(0x00); //tat ca port d deu la ngo ra 
03F9:  MOVLW  00
03FA:  MOVWF  08
.................... set_tris_e(0x00); //tat ca port e deu la ngo ra 
03FB:  BCF    09.0
03FC:  BCF    09.1
03FD:  BCF    09.2
.................... /*---khoi tao hien thi tren LCD---*/ 
.................... khoitao(1,1,0); 
03FE:  MOVLW  01
03FF:  BCF    03.5
0400:  MOVWF  36
0401:  MOVWF  37
0402:  CLRF   38
0403:  GOTO   0B3
.................... cursor(1,0,0); 
0404:  MOVLW  01
0405:  MOVWF  36
0406:  CLRF   37
0407:  CLRF   38
0408:  GOTO   0E4
.................... hien_thi_ban_dau(); 
0409:  CALL   10B
.................... /*------vong lap chuong trinh-----*/ 
.................... while (true){ 
.................... readADC();  //doc va chuyen doi gia tri ADC ra nhiet do(°C) 
040A:  CALL   2B9
.................... /*---tach so--*/ 
.................... x=nhietdo*10;  //bo dau cham dong phan cach phan thap phan,x la 1 so 16bit boi nhiet do la float 
040B:  MOVF   34,W
040C:  MOVWF  49
040D:  MOVF   33,W
040E:  MOVWF  48
040F:  MOVF   32,W
0410:  MOVWF  47
0411:  MOVF   31,W
0412:  MOVWF  46
0413:  CLRF   4D
0414:  CLRF   4C
0415:  MOVLW  20
0416:  MOVWF  4B
0417:  MOVLW  82
0418:  MOVWF  4A
0419:  CALL   225
041A:  MOVF   7A,W
041B:  MOVWF  45
041C:  MOVF   79,W
041D:  MOVWF  44
041E:  MOVF   78,W
041F:  MOVWF  43
0420:  MOVF   77,W
0421:  MOVWF  42
0422:  CALL   29A
0423:  MOVF   79,W
0424:  MOVWF  30
0425:  MOVF   78,W
0426:  MOVWF  2F
.................... hangchuc=x/100; 
0427:  MOVF   30,W
0428:  MOVWF  39
0429:  MOVF   2F,W
042A:  MOVWF  38
042B:  CLRF   3B
042C:  MOVLW  64
042D:  MOVWF  3A
042E:  CALL   34E
042F:  MOVF   78,W
0430:  MOVWF  2B
.................... hangdonvi=(x/10)%10; 
0431:  MOVF   30,W
0432:  MOVWF  39
0433:  MOVF   2F,W
0434:  MOVWF  38
0435:  CLRF   3B
0436:  MOVLW  0A
0437:  MOVWF  3A
0438:  CALL   34E
0439:  MOVF   79,W
043A:  MOVWF  37
043B:  MOVF   78,W
043C:  MOVWF  36
043D:  MOVF   79,W
043E:  MOVWF  39
043F:  MOVF   78,W
0440:  MOVWF  38
0441:  CLRF   3B
0442:  MOVLW  0A
0443:  MOVWF  3A
0444:  CALL   34E
0445:  MOVF   77,W
0446:  MOVWF  2C
.................... thapphan=x%10; 
0447:  MOVF   30,W
0448:  MOVWF  39
0449:  MOVF   2F,W
044A:  MOVWF  38
044B:  CLRF   3B
044C:  MOVLW  0A
044D:  MOVWF  3A
044E:  CALL   34E
044F:  MOVF   77,W
0450:  MOVWF  2D
.................... /*---Hien thi tren led 7 doan---*/ 
.................... toled7seg(nhietdo); 
0451:  MOVF   34,W
0452:  MOVWF  39
0453:  MOVF   33,W
0454:  MOVWF  38
0455:  MOVF   32,W
0456:  MOVWF  37
0457:  MOVF   31,W
0458:  MOVWF  36
0459:  GOTO   373
.................... /*---------hien thi nhiet do tren LCD-------------*/ 
.................... moveto(1,10); 
045A:  MOVLW  01
045B:  MOVWF  36
045C:  MOVLW  0A
045D:  MOVWF  37
045E:  CALL   0FE
.................... data=0x30+hangchuc;display(); 
045F:  MOVLW  30
0460:  ADDWF  2B,W
0461:  MOVWF  08
0462:  CALL   0F5
.................... data=0x30+hangdonvi;display(); 
0463:  MOVLW  30
0464:  ADDWF  2C,W
0465:  MOVWF  08
0466:  CALL   0F5
.................... moveto(1,13); 
0467:  MOVLW  01
0468:  MOVWF  36
0469:  MOVLW  0D
046A:  MOVWF  37
046B:  CALL   0FE
.................... data=0x30+thapphan;display(); 
046C:  MOVLW  30
046D:  ADDWF  2D,W
046E:  MOVWF  08
046F:  CALL   0F5
.................... if(nhietdo>=100)  //neu nhiet do >=100°C thi hien canh bao 
0470:  CLRF   39
0471:  CLRF   38
0472:  MOVLW  48
0473:  MOVWF  37
0474:  MOVLW  85
0475:  MOVWF  36
0476:  MOVF   34,W
0477:  MOVWF  3D
0478:  MOVF   33,W
0479:  MOVWF  3C
047A:  MOVF   32,W
047B:  MOVWF  3B
047C:  MOVF   31,W
047D:  MOVWF  3A
047E:  CALL   382
047F:  BTFSC  03.0
0480:  GOTO   483
0481:  BTFSS  03.2
0482:  GOTO   4BF
....................    { 
....................       clear();moveto(1,5); 
0483:  CALL   3C1
0484:  MOVLW  01
0485:  MOVWF  36
0486:  MOVLW  05
0487:  MOVWF  37
0488:  CALL   0FE
....................       for(a=0;str[a]!=':';a++){data=str[a];display();} 
0489:  CLRF   2E
048A:  MOVF   2E,W
048B:  CALL   033
048C:  SUBLW  3A
048D:  BTFSC  03.2
048E:  GOTO   496
048F:  MOVF   2E,W
0490:  CALL   033
0491:  MOVWF  78
0492:  MOVWF  08
0493:  CALL   0F5
0494:  INCF   2E,F
0495:  GOTO   48A
....................       moveto(2,1); 
0496:  MOVLW  02
0497:  MOVWF  36
0498:  MOVLW  01
0499:  MOVWF  37
049A:  CALL   0FE
....................       for(a=0;str1[a]!='\0';a++){data=str1[a];display();} 
049B:  CLRF   2E
049C:  MOVF   2E,W
049D:  CALL   041
049E:  XORLW  00
049F:  BTFSC  03.2
04A0:  GOTO   4A8
04A1:  MOVF   2E,W
04A2:  CALL   041
04A3:  MOVWF  78
04A4:  MOVWF  08
04A5:  CALL   0F5
04A6:  INCF   2E,F
04A7:  GOTO   49C
....................       while(nhietdo>=100)readADC();  //khong lam gi cho toi khi nhiet do xuong duoi 100°C 
04A8:  CLRF   39
04A9:  CLRF   38
04AA:  MOVLW  48
04AB:  MOVWF  37
04AC:  MOVLW  85
04AD:  MOVWF  36
04AE:  MOVF   34,W
04AF:  MOVWF  3D
04B0:  MOVF   33,W
04B1:  MOVWF  3C
04B2:  MOVF   32,W
04B3:  MOVWF  3B
04B4:  MOVF   31,W
04B5:  MOVWF  3A
04B6:  CALL   382
04B7:  BTFSC  03.0
04B8:  GOTO   4BB
04B9:  BTFSS  03.2
04BA:  GOTO   4BD
04BB:  CALL   2B9
04BC:  GOTO   4A8
....................       clear(); //xoa toan bo hien thi 
04BD:  CALL   3C1
....................       hien_thi_ban_dau();  //tra lai trang thai hien thi ban dau cho LCD 
04BE:  CALL   10B
....................    } 
.................... } 
04BF:  GOTO   40A
.................... } 
04C0:  SLEEP

Configuration Fuses:
   Word  1: 3F3A   HS NOWDT NOPUT NODEBUG NOPROTECT NOBROWNOUT NOLVP NOCPD NOWRT
