
ROM used: 63 (1%)
          63 (1%) including unused fragments

          0 Average locations per line
          1 Average locations per statement

RAM used: 8 (2%) at main() level
          9 (2%) worst case

Stack used: 1 worst case (out of 8 total available)

Lines Stmts  %   Files
----- ----- ---  -----
   43    53 100  led 7 doan dich chuyen.c
  306     0   0  C:\Program Files\PICC\devices\16F877A.h
----- -----
  349    53 Total

Page ROM  %  RAM   Vol Diff  Functions:
---- --- --- ---   --- ----  ----------
0     22  35   1             @delay_ms1
0     37  59   1   142  3.1  MAIN

Program metrics:
    Functions               1
    Statements              53
    Comments                91
    Volume (V)              144
    Difficilty (D)          2.9
    Effort to implement (E) 420
    Time to implement (T)   0 minutes
    Est Delivered Bugs (B)  0
    Cyclomatic Complexity   1
    Maintainability (MI)    121

 Segment     Used  Free
-----------  ----  ----
00000-00003     4  0  
00004-007FF    59  1985  
00800-00FFF     0  2048  
01000-017FF     0  2048  
01800-01FFF     0  2048  



THE FOLLOWING IS TEMPORARY FOR DIAGNOSTIC USE ONLY:

    n1    n2    N1    N2   v(G)
     0     1     0     0     0    @delay_ms1
     7    17    16    15     1    MAIN
