
ROM used: 180 (2%)
          180 (2%) including unused fragments

          0 Average locations per line
          3 Average locations per statement

RAM used: 8 (2%) at main() level
          8 (2%) worst case

Stack used: 2 worst case (out of 8 total available)

Lines Stmts  %   Files
----- ----- ---  -----
   57    58 100  Led 7 doan.c
  306     0   0  C:\Program Files\PICC\devices\16F877A.h
----- -----
  363    58 Total

Page ROM  %  RAM   Vol Diff  Functions:
---- --- --- ---   --- ----  ----------
0     21  12   1             @delay_ms1
0     77  43   1  1410  4.4  toled7seg
0     27  15   0             @goto10064
0     51  28   2   284  4.6  MAIN

Program metrics:
    Functions               2
    Statements              58
    Comments                91
    Volume (V)              1909
    Difficilty (D)          9.0
    Effort to implement (E) 17091
    Time to implement (T)   16 minutes
    Est Delivered Bugs (B)  0
    Cyclomatic Complexity   25
    Maintainability (MI)    35

 Segment     Used  Free
-----------  ----  ----
00000-00003     4  0  
00004-007FF   176  1868  
00800-00FFF     0  2048  
01000-017FF     0  2048  
01800-01FFF     0  2048  



THE FOLLOWING IS TEMPORARY FOR DIAGNOSTIC USE ONLY:

    n1    n2    N1    N2   v(G)
     0     1     0     0     0    @delay_ms1
     9    76   146    74    23    toled7seg
     0     1     0     0     0    @goto10064
    10    26    31    24     2    MAIN
