
ROM used: 180 (2%)
          180 (2%) including unused fragments

          1 Average locations per line
          8 Average locations per statement

RAM used: 11 (3%) at main() level
          24 (7%) worst case

Stack used: 2 worst case (out of 8 total available)

Lines Stmts  %   Files
----- ----- ---  -----
   46    24 100  Led 7 doan_II.c
  313     0   0  C:\Program Files\PICC\devices\16F877A.h
----- -----
  359    24 Total

Page ROM  %  RAM   Vol Diff  Functions:
---- --- --- ---   --- ----  ----------
0     20  11   1             @delay_ms1
0     26  14  11   174  3.5  toled7seg
 Inline        1    69  2.5  tachso
0     21  12   3             @DIV88
0     62  34   4   300  4.3  hienthi
0     47  26   2   325  6.0  MAIN

Program metrics:
    Functions               4
    Statements              24
    Comments                90
    Volume (V)              1197
    Difficilty (D)          16.2
    Effort to implement (E) 19413
    Time to implement (T)   18 minutes
    Est Delivered Bugs (B)  0
    Cyclomatic Complexity   3
    Maintainability (MI)    156

 Segment     Used  Free
-----------  ----  ----
00000-00003     4  0  
00004-007FF   176  1868  
00800-00FFF     0  2048  
01000-017FF     0  2048  
01800-01FFF     0  2048  



